<?xml version="1.0" encoding="UTF-8"?>
<!-- Generated by org.testng.reporters.JUnitReportReporter -->
<testsuite hostname="DESKTOP-5L9PV3J" failures="0" tests="1" name="Com.OrangeHrm_TestScripta.TC01_AddEmployee_Test" time="27.744" errors="0" timestamp="2025-10-28T12:23:45 IST" skipped="0">
  <testcase classname="Com.OrangeHrm_TestScripta.TC01_AddEmployee_Test" name="addEmployee" time="27.744"/>
</testsuite> <!-- Com.OrangeHrm_TestScripta.TC01_AddEmployee_Test -->
